{"/Users/mehmet-2/Desktop/age-of-empires/src/pages/Home/index.js": {"path":"/Users/mehmet-2/Desktop/age-of-empires/src/pages/Home/index.js","statementMap":{"0":{"start":{"line":4,"column":2},"end":{"line":8,"column":4}}},"fnMap":{"0":{"name":"Home","decl":{"start":{"line":3,"column":9},"end":{"line":3,"column":13}},"loc":{"start":{"line":3,"column":16},"end":{"line":9,"column":1}},"line":3}},"branchMap":{},"s":{"0":1},"f":{"0":1},"b":{},"_coverageSchema":"1a1c01bbd47fc00a2c39e90264f33305004495a9","hash":"c140f678b1f91c7714eb4dc039a9666de240dbd8"}
}
